AndroidStudioProjects/cw-omnibus/AlarmManager/AlarmClock/app/build/outputs/logs/manifest-merger-debug-report.txt
-- Merging decision tree log ---
manifest
ADDED from src/main/AndroidManifest.xml:2:1-36:12
	package
		ADDED from src/main/AndroidManifest.xml:3:3-47
	android:versionName
		ADDED from src/main/AndroidManifest.xml:6:3-28
		INJECTED from src/main/AndroidManifest.xml
		INJECTED from src/main/AndroidManifest.xml
	android:versionCode
		ADDED from src/main/AndroidManifest.xml:5:3-26
		INJECTED from src/main/AndroidManifest.xml
		INJECTED from src/main/AndroidManifest.xml
	xmlns:android
		ADDED from src/main/AndroidManifest.xml:4:3-61
uses-permission#android.permission.WAKE_LOCK
ADDED from src/main/AndroidManifest.xml:8:3-65
MERGED from [com.commonsware.cwac:wakeful:1.0.5] AndroidManifest.xml:9:5-68
	android:name
		ADDED from src/main/AndroidManifest.xml:8:20-63
uses-permission#android.permission.RECEIVE_BOOT_COMPLETED
ADDED from src/main/AndroidManifest.xml:9:3-78
	android:name
		ADDED from src/main/AndroidManifest.xml:9:20-76
application
ADDED from src/main/AndroidManifest.xml:11:3-34:17
MERGED from [com.android.support:support-v13:21.0.3] AndroidManifest.xml:16:5-19
MERGED from [com.android.support:support-v4:21.0.3] AndroidManifest.xml:16:5-19
MERGED from [com.commonsware.cwac:wakeful:1.0.5] AndroidManifest.xml:11:5-20
	android:label
		ADDED from src/main/AndroidManifest.xml:13:5-37
	android:icon
		ADDED from src/main/AndroidManifest.xml:12:5-41
	android:theme
		ADDED from src/main/AndroidManifest.xml:14:5-66
activity#com.commonsware.android.alarmclock.EventDemoActivity
ADDED from src/main/AndroidManifest.xml:15:5-24:16
	android:label
		ADDED from src/main/AndroidManifest.xml:17:7-39
	android:launchMode
		ADDED from src/main/AndroidManifest.xml:18:7-38
	android:name
		ADDED from src/main/AndroidManifest.xml:16:7-39
intent-filter#android.intent.action.MAIN+android.intent.category.LAUNCHER
ADDED from src/main/AndroidManifest.xml:19:7-23:23
action#android.intent.action.MAIN
ADDED from src/main/AndroidManifest.xml:20:9-60
	android:name
		ADDED from src/main/AndroidManifest.xml:20:17-58
category#android.intent.category.LAUNCHER
ADDED from src/main/AndroidManifest.xml:22:9-68
	android:name
		ADDED from src/main/AndroidManifest.xml:22:19-66
receiver#com.commonsware.android.alarmclock.PollReceiver
ADDED from src/main/AndroidManifest.xml:26:5-30:16
	android:name
		ADDED from src/main/AndroidManifest.xml:26:15-42
intent-filter#android.intent.action.BOOT_COMPLETED
ADDED from src/main/AndroidManifest.xml:27:7-29:23
action#android.intent.action.BOOT_COMPLETED
ADDED from src/main/AndroidManifest.xml:28:9-70
	android:name
		ADDED from src/main/AndroidManifest.xml:28:17-68
service#com.commonsware.android.alarmclock.ScheduledService
ADDED from src/main/AndroidManifest.xml:32:5-33:15
	android:name
		ADDED from src/main/AndroidManifest.xml:32:14-45
uses-sdk
INJECTED from src/main/AndroidManifest.xml reason: use-sdk injection requested
MERGED from [com.android.support:support-v13:21.0.3] AndroidManifest.xml:15:5-43
MERGED from [com.android.support:support-v4:21.0.3] AndroidManifest.xml:15:5-42
MERGED from [com.commonsware.cwac:wakeful:1.0.5] AndroidManifest.xml:7:5-43
	android:targetSdkVersion
		INJECTED from src/main/AndroidManifest.xml
		INJECTED from src/main/AndroidManifest.xml
	android:minSdkVersion
		INJECTED from src/main/AndroidManifest.xml
		INJECTED from src/main/AndroidManifest.xml